<?xml version="1.0" encoding="UTF-8"?>
<!-- Generated by org.testng.reporters.JUnitReportReporter -->
<testsuite hostname="DESKTOP-T4NU3T9" failures="0" tests="1" name="com.springselenium.automation.test.GoogleTest" time="1.573" errors="0" timestamp="2021-06-07T15:35:30 BRT" skipped="0">
  <testcase classname="com.springselenium.automation.test.GoogleTest" name="googleTest" time="1.573"/>
  <system-out/>
</testsuite> <!-- com.springselenium.automation.test.GoogleTest -->
